<?xml version="1.0" encoding="UTF-8"?>
<!-- Generated by org.testng.reporters.JUnitReportReporter -->
<testsuite hostname="IdeaPadSlim5" failures="0" tests="2" name="TestNG_Class46.TestNGExample4" time="0.005" errors="0" timestamp="2025-03-26T23:26:18 IST" skipped="0">
  <testcase classname="TestNG_Class46.TestNGExample4" name="login" time="0.004"/>
  <testcase classname="TestNG_Class46.TestNGExample4" name="logout" time="0.001"/>
</testsuite> <!-- TestNG_Class46.TestNGExample4 -->
