<?xml version="1.0" encoding="UTF-8"?>
<!-- Generated by org.testng.reporters.JUnitReportReporter -->
<testsuite hostname="IdeaPadSlim5" failures="0" tests="3" name="ParametersTestNG_Class48.ParameterInTestNG" time="0.011" errors="0" timestamp="2025-03-30T20:39:13 IST" skipped="0">
  <testcase classname="ParametersTestNG_Class48.ParameterInTestNG" name="method1" time="0.008">
    <system-out>
      <![CDATA[Runing Test Method 1 with username as: Alok
Runing Test Method 1 with password as: Alok@123]]>
    </system-out>
  </testcase> <!-- method1 -->
  <testcase classname="ParametersTestNG_Class48.ParameterInTestNG" name="method1" time="0.002">
    <system-out>
      <![CDATA[Runing Test Method 1 with username as: Arpita
Runing Test Method 1 with password as: Arpita@123]]>
    </system-out>
  </testcase> <!-- method1 -->
  <testcase classname="ParametersTestNG_Class48.ParameterInTestNG" name="method1" time="0.001">
    <system-out>
      <![CDATA[Runing Test Method 1 with username as: Gaurav
Runing Test Method 1 with password as: Gaurav@123]]>
    </system-out>
  </testcase> <!-- method1 -->
  <system-out>
    <![CDATA[Runing Test Method 1 with username as: Alok
Runing Test Method 1 with password as: Alok@123
Runing Test Method 1 with username as: Gaurav
Runing Test Method 1 with password as: Gaurav@123
Runing Test Method 1 with username as: Arpita
Runing Test Method 1 with password as: Arpita@123]]>
  </system-out>
</testsuite> <!-- ParametersTestNG_Class48.ParameterInTestNG -->
