<?xml version="1.0" encoding="UTF-8"?>
<!-- Generated by org.testng.reporters.JUnitReportReporter -->
<testsuite hostname="IdeaPadSlim5" failures="0" tests="1" name="ReadingExcel_Class50.ReadingExcel3" time="0.531" errors="0" timestamp="2025-04-01T01:44:48 IST" skipped="0">
  <testcase classname="ReadingExcel_Class50.ReadingExcel3" name="readExcelMethod" time="0.531"/>
</testsuite> <!-- ReadingExcel_Class50.ReadingExcel3 -->
