<?xml version="1.0" encoding="UTF-8"?>
<!-- Generated by org.testng.reporters.JUnitReportReporter -->
<testsuite hostname="IdeaPadSlim5" failures="0" tests="6" name="ParametersTestNG_Class48.Assignment_CrossBrowserTestingOrangeHRM" time="26.089" errors="0" timestamp="2025-03-31T14:10:10 IST" skipped="0">
  <testcase classname="ParametersTestNG_Class48.Assignment_CrossBrowserTestingOrangeHRM" name="loginHRM" time="2.792">
    <system-out>
      <![CDATA[login is successful: ]]>
    </system-out>
  </testcase> <!-- loginHRM -->
  <testcase classname="ParametersTestNG_Class48.Assignment_CrossBrowserTestingOrangeHRM" name="loginHRM" time="3.973">
    <system-out>
      <![CDATA[login is successful: ]]>
    </system-out>
  </testcase> <!-- loginHRM -->
  <testcase classname="ParametersTestNG_Class48.Assignment_CrossBrowserTestingOrangeHRM" name="logoutHRM" time="5.260">
    <system-out>
      <![CDATA[logout is successful: ]]>
    </system-out>
  </testcase> <!-- logoutHRM -->
  <testcase classname="ParametersTestNG_Class48.Assignment_CrossBrowserTestingOrangeHRM" name="loginHRM" time="3.834">
    <system-out>
      <![CDATA[login is successful: ]]>
    </system-out>
  </testcase> <!-- loginHRM -->
  <testcase classname="ParametersTestNG_Class48.Assignment_CrossBrowserTestingOrangeHRM" name="logoutHRM" time="5.164">
    <system-out>
      <![CDATA[logout is successful: ]]>
    </system-out>
  </testcase> <!-- logoutHRM -->
  <testcase classname="ParametersTestNG_Class48.Assignment_CrossBrowserTestingOrangeHRM" name="logoutHRM" time="5.066">
    <system-out>
      <![CDATA[logout is successful: ]]>
    </system-out>
  </testcase> <!-- logoutHRM -->
  <system-out>
    <![CDATA[login is successful: 
login is successful: 
login is successful: 
logout is successful: 
logout is successful: 
logout is successful: ]]>
  </system-out>
</testsuite> <!-- ParametersTestNG_Class48.Assignment_CrossBrowserTestingOrangeHRM -->
