<?xml version="1.0" encoding="UTF-8"?>
<!-- Generated by org.testng.reporters.JUnitReportReporter -->
<testsuite hostname="IdeaPadSlim5" failures="0" tests="2" name="InegrateSeleniumTestNGAssignment_Class47.LoginLogoutSceanrio_Class47" time="5.160" errors="0" timestamp="2025-03-30T15:58:10 IST" skipped="0">
  <testcase classname="InegrateSeleniumTestNGAssignment_Class47.LoginLogoutSceanrio_Class47" name="logoutFromApplication" time="2.445"/>
  <testcase classname="InegrateSeleniumTestNGAssignment_Class47.LoginLogoutSceanrio_Class47" name="loginWithValidSceanrio" time="2.715"/>
</testsuite> <!-- InegrateSeleniumTestNGAssignment_Class47.LoginLogoutSceanrio_Class47 -->
