<?xml version="1.0" encoding="UTF-8"?>
<!-- Generated by org.testng.reporters.JUnitReportReporter -->
<testsuite hostname="IdeaPadSlim5" failures="0" tests="1" name="readProperties_Class52.readPropertyFile_ReFactoring" time="0.007" errors="0" timestamp="2025-04-06T12:59:53 IST" skipped="0">
  <testcase classname="readProperties_Class52.readPropertyFile_ReFactoring" name="readingProperties" time="0.007"/>
</testsuite> <!-- readProperties_Class52.readPropertyFile_ReFactoring -->
