<?xml version="1.0" encoding="UTF-8"?>
<!-- Generated by org.testng.reporters.JUnitReportReporter -->
<testsuite hostname="IdeaPadSlim5" failures="0" tests="8" name="TestNGSelenium_Class47.TestNGFirstClass" time="0.339" errors="0" timestamp="2025-03-31T11:55:55 IST" skipped="0">
  <testcase classname="TestNGSelenium_Class47.TestNGFirstClass" name="VerifyURL" time="0.091"/>
  <testcase classname="TestNGSelenium_Class47.TestNGFirstClass" name="VerifyTitle" time="0.009"/>
  <testcase classname="TestNGSelenium_Class47.TestNGFirstClass" name="VerifyFooterLinks" time="0.055"/>
  <testcase classname="TestNGSelenium_Class47.TestNGFirstClass" name="VerifyTitle" time="0.073"/>
  <testcase classname="TestNGSelenium_Class47.TestNGFirstClass" name="VerifyURL" time="0.045"/>
  <testcase classname="TestNGSelenium_Class47.TestNGFirstClass" name="VerifyTitle" time="0.018"/>
  <testcase classname="TestNGSelenium_Class47.TestNGFirstClass" name="VerifyFooterLinks" time="0.040"/>
  <testcase classname="TestNGSelenium_Class47.TestNGFirstClass" name="VerifyURL" time="0.008"/>
</testsuite> <!-- TestNGSelenium_Class47.TestNGFirstClass -->
