<?xml version="1.0" encoding="UTF-8"?>
<!-- Generated by org.testng.reporters.JUnitReportReporter -->
<testsuite hostname="IdeaPadSlim5" failures="0" tests="2" name="InegrateSeleniumTestNGAssignment_Class47.RegisterNewUser" time="10.115" errors="0" timestamp="2025-03-30T15:58:10 IST" skipped="0">
  <testcase classname="InegrateSeleniumTestNGAssignment_Class47.RegisterNewUser" name="registerNewUserWithValidDetails" time="4.796"/>
  <testcase classname="InegrateSeleniumTestNGAssignment_Class47.RegisterNewUser" name="loginWithNewUser" time="5.319"/>
</testsuite> <!-- InegrateSeleniumTestNGAssignment_Class47.RegisterNewUser -->
