<?xml version="1.0" encoding="UTF-8"?>
<!-- Generated by org.testng.reporters.JUnitReportReporter -->
<testsuite hostname="IdeaPadSlim5" failures="0" tests="1" name="readProperties_Class52.readPropertyFile" time="0.006" errors="0" timestamp="2025-04-06T12:46:39 IST" skipped="0">
  <testcase classname="readProperties_Class52.readPropertyFile" name="readingProperties" time="0.006"/>
</testsuite> <!-- readProperties_Class52.readPropertyFile -->
