<?xml version="1.0" encoding="UTF-8"?>
<!-- Generated by org.testng.reporters.JUnitReportReporter -->
<testsuite hostname="IdeaPadSlim5" failures="0" tests="3" name="TestNG_Class46.TestNGExample2" time="0.007" errors="0" timestamp="2025-03-26T23:26:18 IST" skipped="1">
  <testcase classname="TestNG_Class46.TestNGExample2" name="loginapp" time="0.006"/>
  <testcase classname="TestNG_Class46.TestNGExample2" name="logOut" time="0.001"/>
  <testcase classname="TestNG_Class46.TestNGExample2" name="makPayment">
    <skipped/>
  </testcase> <!-- makPayment -->
</testsuite> <!-- TestNG_Class46.TestNGExample2 -->
