<?xml version="1.0" encoding="UTF-8"?>
<!-- Generated by org.testng.reporters.JUnitReportReporter -->
<testsuite hostname="IdeaPadSlim5" failures="0" tests="1" name="ReadingExcel_Class50.ReadingExcel" time="0.493" errors="0" timestamp="2025-03-31T23:52:17 IST" skipped="0">
  <testcase classname="ReadingExcel_Class50.ReadingExcel" name="readExcelMethod" time="0.493"/>
</testsuite> <!-- ReadingExcel_Class50.ReadingExcel -->
