<?xml version="1.0" encoding="UTF-8"?>
<!-- Generated by org.testng.reporters.JUnitReportReporter -->
<testsuite hostname="IdeaPadSlim5" failures="0" tests="6" name="TestNG_Class46.TestNGExample3" time="0.006" errors="0" timestamp="2025-03-26T23:26:18 IST" skipped="0">
  <testcase classname="TestNG_Class46.TestNGExample3" name="test1" time="0.002"/>
  <testcase classname="TestNG_Class46.TestNGExample3" name="test6" time="0.001"/>
  <testcase classname="TestNG_Class46.TestNGExample3" name="test4" time="0.001"/>
  <testcase classname="TestNG_Class46.TestNGExample3" name="test3" time="0.000"/>
  <testcase classname="TestNG_Class46.TestNGExample3" name="test5" time="0.001"/>
  <testcase classname="TestNG_Class46.TestNGExample3" name="test2" time="0.001"/>
</testsuite> <!-- TestNG_Class46.TestNGExample3 -->
