<?xml version="1.0" encoding="UTF-8"?>
<!-- Generated by org.testng.reporters.JUnitReportReporter -->
<testsuite hostname="IdeaPadSlim5" failures="0" tests="3" name="TestNGSelenium_Class47.TestNGFirst" time="5.901" errors="0" timestamp="2025-03-20T00:54:33 IST" skipped="0">
  <testcase classname="TestNGSelenium_Class47.TestNGFirst" name="VerifyURL" time="1.687"/>
  <system-out/>
  <testcase classname="TestNGSelenium_Class47.TestNGFirst" name="VerifyTitle" time="1.698"/>
  <system-out/>
  <testcase classname="TestNGSelenium_Class47.TestNGFirst" name="VerifyFooterLinks" time="2.516"/>
  <system-out/>
</testsuite> <!-- TestNGSelenium_Class47.TestNGFirst -->
