<?xml version="1.0" encoding="UTF-8"?>
<!-- Generated by org.testng.reporters.JUnitReportReporter -->
<testsuite hostname="IdeaPadSlim5" failures="0" tests="5" name="DataProviderTestNG_Class49.WorkingWithExcel" time="0.009" errors="0" timestamp="2025-04-06T00:02:55 IST" skipped="0">
  <testcase classname="DataProviderTestNG_Class49.WorkingWithExcel" name="test1" time="0.001"/>
  <testcase classname="DataProviderTestNG_Class49.WorkingWithExcel" name="test1" time="0.000"/>
  <testcase classname="DataProviderTestNG_Class49.WorkingWithExcel" name="test1" time="0.002"/>
  <testcase classname="DataProviderTestNG_Class49.WorkingWithExcel" name="test1" time="0.005"/>
  <testcase classname="DataProviderTestNG_Class49.WorkingWithExcel" name="test1" time="0.001"/>
</testsuite> <!-- DataProviderTestNG_Class49.WorkingWithExcel -->
