<?xml version="1.0" encoding="UTF-8"?>
<!-- Generated by org.testng.reporters.JUnitReportReporter -->
<testsuite hostname="IdeaPadSlim5" failures="0" tests="5" name="TestNG_Class46.TestNGExample5" time="0.003" errors="0" timestamp="2025-03-26T23:26:18 IST" skipped="0">
  <testcase classname="TestNG_Class46.TestNGExample5" name="test4" time="0.000"/>
  <testcase classname="TestNG_Class46.TestNGExample5" name="test1" time="0.001"/>
  <testcase classname="TestNG_Class46.TestNGExample5" name="Test3" time="0.000"/>
  <testcase classname="TestNG_Class46.TestNGExample5" name="test2" time="0.001"/>
  <testcase classname="TestNG_Class46.TestNGExample5" name="test5" time="0.001"/>
</testsuite> <!-- TestNG_Class46.TestNGExample5 -->
