<?xml version="1.0" encoding="UTF-8"?>
<!-- Generated by org.testng.reporters.JUnitReportReporter -->
<testsuite hostname="IdeaPadSlim5" failures="0" tests="1" name="readProperties_Class52.readPropertyFile2" time="0.009" errors="0" timestamp="2025-04-06T13:27:06 IST" skipped="0">
  <testcase classname="readProperties_Class52.readPropertyFile2" name="readingProp" time="0.009"/>
</testsuite> <!-- readProperties_Class52.readPropertyFile2 -->
