<?xml version="1.0" encoding="UTF-8"?>
<!-- Generated by org.testng.reporters.JUnitReportReporter -->
<testsuite hostname="IdeaPadSlim5" failures="0" tests="3" name="DataProviderTestNG_Class49.DataProviderTestNGDemo" time="0.004" errors="0" timestamp="2025-03-31T19:11:54 IST" skipped="0">
  <testcase classname="DataProviderTestNG_Class49.DataProviderTestNGDemo" name="newUser" time="0.004"/>
  <testcase classname="DataProviderTestNG_Class49.DataProviderTestNGDemo" name="newUser" time="0.000"/>
  <testcase classname="DataProviderTestNG_Class49.DataProviderTestNGDemo" name="newUser" time="0.000"/>
</testsuite> <!-- DataProviderTestNG_Class49.DataProviderTestNGDemo -->
