<?xml version="1.0" encoding="UTF-8"?>
<!-- Generated by org.testng.reporters.JUnitReportReporter -->
<testsuite hostname="IdeaPadSlim5" failures="0" tests="1" name="ReadingExcel_Class50.ReadingExcel2" time="0.508" errors="0" timestamp="2025-04-01T00:09:36 IST" skipped="0">
  <testcase classname="ReadingExcel_Class50.ReadingExcel2" name="readExcelMethod" time="0.508"/>
</testsuite> <!-- ReadingExcel_Class50.ReadingExcel2 -->
